0 info it worked if it ends with ok
1 verbose cli [ 'C:\\Program Files\\nodejs\\node.exe',
1 verbose cli   'C:\\Program Files\\nodejs\\node_modules\\npm\\bin\\npm-cli.js',
1 verbose cli   'run',
1 verbose cli   'gulp:test' ]
2 info using npm@3.10.10
3 info using node@v6.10.0
4 verbose run-script [ 'pregulp:test', 'gulp:test', 'postgulp:test' ]
5 info lifecycle 11@1.0.0~pregulp:test: 11@1.0.0
6 silly lifecycle 11@1.0.0~pregulp:test: no script for pregulp:test, continuing
7 info lifecycle 11@1.0.0~gulp:test: 11@1.0.0
8 verbose lifecycle 11@1.0.0~gulp:test: unsafe-perm in lifecycle true
9 verbose lifecycle 11@1.0.0~gulp:test: PATH: C:\Program Files\nodejs\node_modules\npm\bin\node-gyp-bin;C:\workspace\frontend-web\11\node_modules\.bin;C:\Program Files\ImageMagick-7.0.6-Q16;C:\ProgramData\Oracle\Java\javapath;C:\Program Files\Java\jdk1.8.0_101C:\ProgramData\Oracle\Java\javapath;C:\Program Files (x86)\Intel\iCLS Client\;C:\Program Files\Intel\iCLS Client\;C:\WINDOWS\system32;C:\WINDOWS;C:\WINDOWS\System32\Wbem;C:\WINDOWS\System32\WindowsPowerShell\v1.0\;C:\Program Files (x86)\Intel\Intel(R) Management Engine Components\DAL;C:\Program Files\Intel\Intel(R) Management Engine Components\DAL;C:\Program Files (x86)\Intel\Intel(R) Management Engine Components\IPT;C:\Program Files\Intel\Intel(R) Management Engine Components\IPT;C:\Program Files\Intel\WiFi\bin\;C:\Program Files\Common Files\Intel\WirelessCommon\;C:\Program Files (x86)\Windows Kits\8.1\Windows Performance Toolkit\;C:\Program Files\MySQL\MySQL Server 5.7\bin\;C:\Program Files\Java\apache-tomcat-6.0.47\bin\;C:\Windows\Microsoft.NET\Framework\v3.5\;C:\Program Files (x86)\Microsoft SDKs\Windows\v7.0A\Bin\;C:\Program Files\Java\jre1.8.0_101\bin\;C:\Program Files (x86)\GnuWin32\bin\;C:\Program Files\Java\jdk1.8.0_101\bin\;C:\Users\skaqn\AppData\Local\Microsoft\WindowsApps;C:\Program Files (x86)\IDM Computer Solutions\UltraEdit\;C:\Users\skaqn\AppData\Local\atom\bin;C:\Program Files\MySQL\MySQL Utilities 1.6\;C:\Program Files\nodejs\;C:\Program Files\Git\cmd;C:\WINDOWS\system32;C:\WINDOWS;C:\WINDOWS\System32\Wbem;C:\WINDOWS\System32\WindowsPowerShell\v1.0\;C:\Program Files (x86)\Skype\Phone\;C:\HashiCorp\Vagrant\bin;C:\Users\skaqn\AppData\Local\Programs\Python\Python35\Scripts\;C:\Users\skaqn\AppData\Local\Programs\Python\Python35\;C:\Ruby23-x64\bin;C:\Program Files\Intel\WiFi\bin\;C:\Program Files\Common Files\Intel\WirelessCommon\;C:\Program Files\Java\jdk1.8.0_101\bin\;C:\Users\skaqn\AppData\Local\Microsoft\WindowsApps;C:\Program Files (x86)\IDM Computer Solutions\UltraEdit\;C:\Program Files\MySQL\MySQL Server 5.7\bin\;C:\Users\skaqn\AppData\Local\atom\bin;C:\Users\skaqn\AppData\Roaming\npm;C:\Program Files (x86)\Microsoft VS Code\bin;C:\Program Files\Bandizip\;C:\Users\skaqn\AppData\Local\Microsoft\WindowsApps
10 verbose lifecycle 11@1.0.0~gulp:test: CWD: C:\workspace\frontend-web\11
11 silly lifecycle 11@1.0.0~gulp:test: Args: [ '/d /s /c', 'gulp default' ]
12 silly lifecycle 11@1.0.0~gulp:test: Returned: code: 1  signal: null
13 info lifecycle 11@1.0.0~gulp:test: Failed to exec gulp:test script
14 verbose stack Error: 11@1.0.0 gulp:test: `gulp default`
14 verbose stack Exit status 1
14 verbose stack     at EventEmitter.<anonymous> (C:\Program Files\nodejs\node_modules\npm\lib\utils\lifecycle.js:255:16)
14 verbose stack     at emitTwo (events.js:106:13)
14 verbose stack     at EventEmitter.emit (events.js:191:7)
14 verbose stack     at ChildProcess.<anonymous> (C:\Program Files\nodejs\node_modules\npm\lib\utils\spawn.js:40:14)
14 verbose stack     at emitTwo (events.js:106:13)
14 verbose stack     at ChildProcess.emit (events.js:191:7)
14 verbose stack     at maybeClose (internal/child_process.js:877:16)
14 verbose stack     at Process.ChildProcess._handle.onexit (internal/child_process.js:226:5)
15 verbose pkgid 11@1.0.0
16 verbose cwd C:\workspace\frontend-web\11
17 error Windows_NT 10.0.15063
18 error argv "C:\\Program Files\\nodejs\\node.exe" "C:\\Program Files\\nodejs\\node_modules\\npm\\bin\\npm-cli.js" "run" "gulp:test"
19 error node v6.10.0
20 error npm  v3.10.10
21 error code ELIFECYCLE
22 error 11@1.0.0 gulp:test: `gulp default`
22 error Exit status 1
23 error Failed at the 11@1.0.0 gulp:test script 'gulp default'.
23 error Make sure you have the latest version of node.js and npm installed.
23 error If you do, this is most likely a problem with the 11 package,
23 error not with npm itself.
23 error Tell the author that this fails on your system:
23 error     gulp default
23 error You can get information on how to open an issue for this project with:
23 error     npm bugs 11
23 error Or if that isn't available, you can get their info via:
23 error     npm owner ls 11
23 error There is likely additional logging output above.
24 verbose exit [ 1, true ]
